<?xml version="1.0" encoding="UTF-8" ?>
<testsuite errors="0" failures="0" hostname="tulga-laptop" name="NewEmptyJUnitTest" tests="1" time="0.099" timestamp="2009-12-20T09:09:09">
  <properties>
    <property name="javac.test.classpath" value="/usr/local/netbeans-6.7.1/java2/modules/ext/hibernate/antlr-2.7.6.jar:/usr/local/netbeans-6.7.1/java2/modules/ext/hibernate/asm.jar:/usr/local/netbeans-6.7.1/java2/modules/ext/hibernate/asm-attrs.jar:/usr/local/netbeans-6.7.1/java2/modules/ext/hibernate/cglib-2.1.3.jar:/usr/local/netbeans-6.7.1/java2/modules/ext/hibernate/commons-collections-2.1.1.jar:/usr/local/netbeans-6.7.1/ide11/modules/ext/commons-logging-1.1.jar:/usr/local/netbeans-6.7.1/java2/modules/ext/hibernate/dom4j-1.6.1.jar:/usr/local/netbeans-6.7.1/java2/modules/ext/hibernate/ehcache-1.2.3.jar:/usr/local/netbeans-6.7.1/java2/modules/ext/hibernate/jdbc2_0-stdext.jar:/usr/local/netbeans-6.7.1/java2/modules/ext/hibernate/jta.jar:/usr/local/netbeans-6.7.1/java2/modules/ext/hibernate/hibernate3.jar:/usr/local/netbeans-6.7.1/java2/modules/ext/hibernate/hibernate-tools.jar:/usr/local/netbeans-6.7.1/java2/modules/ext/hibernate/hibernate-annotations.jar:/usr/local/netbeans-6.7.1/java2/modules/ext/hibernate/hibernate-commons-annotations.jar:/usr/local/netbeans-6.7.1/java2/modules/ext/hibernate/hibernate-entitymanager.jar:/usr/local/netbeans-6.7.1/java2/modules/ext/hibernate/javassist.jar:/usr/local/netbeans-6.7.1/ide11/modules/ext/mysql-connector-java-5.1.6-bin.jar:/usr/local/netbeans-6.7.1/ide11/modules/ext/commons-logging-1.1.jar:/usr/local/netbeans-6.7.1/java2/modules/ext/cglib-2.2.jar:/usr/local/netbeans-6.7.1/java2/modules/ext/spring/spring-2.5.jar:/usr/local/netbeans-6.7.1/enterprise5/modules/ext/spring/spring-webmvc-2.5.jar:/usr/local/netbeans-6.7.1/enterprise5/modules/ext/struts/antlr-2.7.2.jar:/usr/local/netbeans-6.7.1/enterprise5/modules/ext/struts/bsf-2.3.0.jar:/usr/local/netbeans-6.7.1/enterprise5/modules/ext/struts/commons-beanutils-1.7.0.jar:/usr/local/netbeans-6.7.1/enterprise5/modules/ext/struts/commons-chain-1.1.jar:/usr/local/netbeans-6.7.1/enterprise5/modules/ext/struts/commons-digester-1.8.jar:/usr/local/netbeans-6.7.1/enterprise5/modules/ext/struts/commons-fileupload-1.1.1.jar:/usr/local/netbeans-6.7.1/enterprise5/modules/ext/struts/commons-io-1.1.jar:/usr/local/netbeans-6.7.1/enterprise5/modules/ext/struts/commons-logging-1.0.4.jar:/usr/local/netbeans-6.7.1/enterprise5/modules/ext/struts/commons-validator-1.3.1.jar:/usr/local/netbeans-6.7.1/enterprise5/modules/ext/struts/jstl-1.0.2.jar:/usr/local/netbeans-6.7.1/enterprise5/modules/ext/struts/oro-2.0.8.jar:/usr/local/netbeans-6.7.1/enterprise5/modules/ext/struts/standard-1.0.2.jar:/usr/local/netbeans-6.7.1/enterprise5/modules/ext/struts/struts-core-1.3.8.jar:/usr/local/netbeans-6.7.1/enterprise5/modules/ext/struts/struts-el-1.3.8.jar:/usr/local/netbeans-6.7.1/enterprise5/modules/ext/struts/struts-extras-1.3.8.jar:/usr/local/netbeans-6.7.1/enterprise5/modules/ext/struts/struts-faces-1.3.8.jar:/usr/local/netbeans-6.7.1/enterprise5/modules/ext/struts/struts-mailreader-dao-1.3.8.jar:/usr/local/netbeans-6.7.1/enterprise5/modules/ext/struts/struts-scripting-1.3.8.jar:/usr/local/netbeans-6.7.1/enterprise5/modules/ext/struts/struts-taglib-1.3.8.jar:/usr/local/netbeans-6.7.1/enterprise5/modules/ext/struts/struts-tiles-1.3.8.jar:/usr/local/netbeans-6.7.1/enterprise5/modules/ext/standard.jar:/usr/local/netbeans-6.7.1/enterprise5/modules/ext/jstl.jar:build/web/WEB-INF/classes:/usr/local/netbeans-6.7.1/platform10/modules/ext/junit-4.5.jar" />
    <property name="source.root" value="src" />
    <property name="do.display.browser" value="true" />
    <property name="org.openide.TopManager.GUI" value="true" />
    <property name="libs.theme-default.classpath" value="/home/tulga/.netbeans/6.7/modules/ext/defaulttheme.jar" />
    <property name="libs.junit.javadoc" value="/usr/local/netbeans-6.7.1/java2/docs/junit-3.8.2-api.zip" />
    <property name="javac.includes" value="NewEmptyJUnitTest.java" />
    <property name="ant.core.lib" value="/usr/local/netbeans-6.7.1/java2/ant/lib/ant.jar" />
    <property name="libs.swing-app-framework.src" value="" />
    <property name="javadoc.windowtitle" value="" />
    <property name="libs.toplink.classpath" value="/usr/local/netbeans-6.7.1/java2/modules/ext/toplink/toplink-essentials.jar:/usr/local/netbeans-6.7.1/java2/modules/ext/toplink/toplink-essentials-agent.jar" />
    <property name="user.dir" value="/home/tulga/My_Sites/test" />
    <property name="libs.theme-default-green.classpath" value="/home/tulga/.netbeans/6.7/modules/ext/defaulttheme-green.jar" />
    <property name="libs.hibernate-persistence.javadoc" value="" />
    <property name="java.vm.version" value="14.2-b01" />
    <property name="libs.jstl11.maven-pom" value="" />
    <property name="libs.MySQLDriver.classpath" value="/usr/local/netbeans-6.7.1/ide11/modules/ext/mysql-connector-java-5.1.6-bin.jar" />
    <property name="libs.jstl11.src" value="" />
    <property name="javadoc.notree" value="false" />
    <property name="lib.dir" value="web/WEB-INF/lib" />
    <property name="libs.hibernate-support.maven-pom" value="" />
    <property name="libs.hibernate-support.javadoc" value="" />
    <property name="libs.exceptionhandler-runtime.maven-pom" value="" />
    <property name="jdk.home" value="/home/tulga/Documents/APIs/jdk1.6.0_16" />
    <property name="directory.deployment.supported" value="true" />
    <property name="libs.javac-api.src" value="" />
    <property name="javadoc.noindex" value="false" />
    <property name="libs.theme-default-green.runtime" value="/home/tulga/.netbeans/6.7/modules/ext/defaulttheme-green.jar" />
    <property name="sun.os.patch.level" value="unknown" />
    <property name="libs.theme-default-gray.runtime" value="/home/tulga/.netbeans/6.7/modules/ext/defaulttheme-gray.jar" />
    <property name="java.vm.specification.name" value="Java Virtual Machine Specification" />
    <property name="nb.show.statistics.ui" value="usageStatisticsEnabled" />
    <property name="libs.jdbcsupport-runtime.classpath" value="/home/tulga/.netbeans/6.7/modules/ext/sqlx.jar" />
    <property name="have.tests" value="true" />
    <property name="libs.jdbcsupport-designtime.classpath" value="/home/tulga/.netbeans/6.7/modules/ext/sqlx.jar" />
    <property name="org.xml.sax.driver" value="com.sun.org.apache.xerces.internal.jaxp.SAXParserImpl$JAXPSAXParser" />
    <property name="j2ee.server.instance" value="tomcat60:home=/home/tulga/Documents/TAR/apache-tomcat-6.0.20" />
    <property name="libs.javac-api.javadoc" value="" />
    <property name="os.name" value="Linux" />
    <property name="libs.beans-binding.classpath" value="/usr/local/netbeans-6.7.1/java2/modules/ext/beansbinding-1.2.1.jar" />
    <property name="libs.jmakilibrary.maven-pom" value="" />
    <property name="libs.restapi.javadoc" value="/usr/local/netbeans-6.7.1/enterprise5/docs/jsr311-api-doc.zip" />
    <property name="libs.JWSAntTasks.maven-pom" value="" />
    <property name="rave.build" value="thresher-fcs" />
    <property name="libs.restapi.classpath" value="/usr/local/netbeans-6.7.1/enterprise5/modules/ext/rest/jsr311-api.jar" />
    <property name="libs.EclipseLink-GlassFish-v3-Prelude.src" value="" />
    <property name="runmain.jvmargs" value="" />
    <property name="java.vendor.url.bug" value="http://java.sun.com/cgi-bin/bugreport.cgi" />
    <property name="libs.jaxb.maven-pom" value="" />
    <property name="os.arch" value="i386" />
    <property name="user.name" value="tulga" />
    <property name="auxiliary.org-netbeans-modules-web-client-tools-api.INTERNET_5f_EXPLORER" value="false" />
    <property name="libs.jsf12.javadoc" value="/usr/local/netbeans-6.7.1/enterprise5/docs/javaee5-doc-api.zip" />
    <property name="libs.swing-layout.maven-pom" value="" />
    <property name="build.classes.dir" value="build/web/WEB-INF/classes" />
    <property name="netbeans.accept_license_class" value="org.netbeans.license.AcceptLicense" />
    <property name="libs.jaxws21.javadoc" value="/usr/local/netbeans-6.7.1/java2/docs/jaxws-2_1-api-doc.zip" />
    <property name="build.web.excludes" value="**/*.java,**/*.form" />
    <property name="libs.jsonlibrary.javadoc" value="/home/tulga/.netbeans/6.7/modules/ext/jmaki/jsonjavadoc.zip" />
    <property name="includes" value="**" />
    <property name="user.country" value="US" />
    <property name="libs.jstl11.javadoc" value="/usr/local/netbeans-6.7.1/enterprise5/docs/javaee5-doc-api.zip" />
    <property name="javadoc.encoding" value="UTF-8" />
    <property name="javac.classpath" value="/usr/local/netbeans-6.7.1/java2/modules/ext/hibernate/antlr-2.7.6.jar:/usr/local/netbeans-6.7.1/java2/modules/ext/hibernate/asm.jar:/usr/local/netbeans-6.7.1/java2/modules/ext/hibernate/asm-attrs.jar:/usr/local/netbeans-6.7.1/java2/modules/ext/hibernate/cglib-2.1.3.jar:/usr/local/netbeans-6.7.1/java2/modules/ext/hibernate/commons-collections-2.1.1.jar:/usr/local/netbeans-6.7.1/ide11/modules/ext/commons-logging-1.1.jar:/usr/local/netbeans-6.7.1/java2/modules/ext/hibernate/dom4j-1.6.1.jar:/usr/local/netbeans-6.7.1/java2/modules/ext/hibernate/ehcache-1.2.3.jar:/usr/local/netbeans-6.7.1/java2/modules/ext/hibernate/jdbc2_0-stdext.jar:/usr/local/netbeans-6.7.1/java2/modules/ext/hibernate/jta.jar:/usr/local/netbeans-6.7.1/java2/modules/ext/hibernate/hibernate3.jar:/usr/local/netbeans-6.7.1/java2/modules/ext/hibernate/hibernate-tools.jar:/usr/local/netbeans-6.7.1/java2/modules/ext/hibernate/hibernate-annotations.jar:/usr/local/netbeans-6.7.1/java2/modules/ext/hibernate/hibernate-commons-annotations.jar:/usr/local/netbeans-6.7.1/java2/modules/ext/hibernate/hibernate-entitymanager.jar:/usr/local/netbeans-6.7.1/java2/modules/ext/hibernate/javassist.jar:/usr/local/netbeans-6.7.1/ide11/modules/ext/mysql-connector-java-5.1.6-bin.jar:/usr/local/netbeans-6.7.1/ide11/modules/ext/commons-logging-1.1.jar:/usr/local/netbeans-6.7.1/java2/modules/ext/cglib-2.2.jar:/usr/local/netbeans-6.7.1/java2/modules/ext/spring/spring-2.5.jar:/usr/local/netbeans-6.7.1/enterprise5/modules/ext/spring/spring-webmvc-2.5.jar:/usr/local/netbeans-6.7.1/enterprise5/modules/ext/struts/antlr-2.7.2.jar:/usr/local/netbeans-6.7.1/enterprise5/modules/ext/struts/bsf-2.3.0.jar:/usr/local/netbeans-6.7.1/enterprise5/modules/ext/struts/commons-beanutils-1.7.0.jar:/usr/local/netbeans-6.7.1/enterprise5/modules/ext/struts/commons-chain-1.1.jar:/usr/local/netbeans-6.7.1/enterprise5/modules/ext/struts/commons-digester-1.8.jar:/usr/local/netbeans-6.7.1/enterprise5/modules/ext/struts/commons-fileupload-1.1.1.jar:/usr/local/netbeans-6.7.1/enterprise5/modules/ext/struts/commons-io-1.1.jar:/usr/local/netbeans-6.7.1/enterprise5/modules/ext/struts/commons-logging-1.0.4.jar:/usr/local/netbeans-6.7.1/enterprise5/modules/ext/struts/commons-validator-1.3.1.jar:/usr/local/netbeans-6.7.1/enterprise5/modules/ext/struts/jstl-1.0.2.jar:/usr/local/netbeans-6.7.1/enterprise5/modules/ext/struts/oro-2.0.8.jar:/usr/local/netbeans-6.7.1/enterprise5/modules/ext/struts/standard-1.0.2.jar:/usr/local/netbeans-6.7.1/enterprise5/modules/ext/struts/struts-core-1.3.8.jar:/usr/local/netbeans-6.7.1/enterprise5/modules/ext/struts/struts-el-1.3.8.jar:/usr/local/netbeans-6.7.1/enterprise5/modules/ext/struts/struts-extras-1.3.8.jar:/usr/local/netbeans-6.7.1/enterprise5/modules/ext/struts/struts-faces-1.3.8.jar:/usr/local/netbeans-6.7.1/enterprise5/modules/ext/struts/struts-mailreader-dao-1.3.8.jar:/usr/local/netbeans-6.7.1/enterprise5/modules/ext/struts/struts-scripting-1.3.8.jar:/usr/local/netbeans-6.7.1/enterprise5/modules/ext/struts/struts-taglib-1.3.8.jar:/usr/local/netbeans-6.7.1/enterprise5/modules/ext/struts/struts-tiles-1.3.8.jar:/usr/local/netbeans-6.7.1/enterprise5/modules/ext/standard.jar:/usr/local/netbeans-6.7.1/enterprise5/modules/ext/jstl.jar" />
    <property name="libs.jsfsupport-designtime.javadoc" value="/home/tulga/.netbeans/6.7/docs/appbase-doc.zip:/home/tulga/.netbeans/6.7/docs/dataprovider-doc.zip:/home/tulga/.netbeans/6.7/docs/jsfcl-doc.zip" />
    <property name="do.debug.server" value="true" />
    <property name="debug-transport" value="dt_socket" />
    <property name="netbeans.system_http_non_proxy_hosts" value="" />
    <property name="netbeans.home" value="/usr/local/netbeans-6.7.1/platform10" />
    <property name="build.compiler.emacs" value="true" />
    <property name="libs.ejb3-persistence.src" value="" />
    <property name="libs.jdbcsupport-runtime.javadoc" value="" />
    <property name="java.endorsed.dirs" value="/home/tulga/Documents/APIs/jdk1.6.0_16/jre/lib/endorsed" />
    <property name="test.includes" value="NewEmptyJUnitTest.java" />
    <property name="netbeans.dynamic.classpath" value="/usr/local/netbeans-6.7.1/platform10/core/org-openide-filesystems.jar:/usr/local/netbeans-6.7.1/platform10/core/core.jar:/usr/local/netbeans-6.7.1/platform10/core/locale/core_ja.jar:/usr/local/netbeans-6.7.1/platform10/core/locale/org-openide-filesystems_ja.jar:/usr/local/netbeans-6.7.1/platform10/core/locale/org-openide-filesystems_pt_BR.jar:/usr/local/netbeans-6.7.1/platform10/core/locale/core_zh_CN.jar:/usr/local/netbeans-6.7.1/platform10/core/locale/core_pt_BR.jar:/usr/local/netbeans-6.7.1/platform10/core/locale/org-openide-filesystems_zh_CN.jar:/usr/local/netbeans-6.7.1/nb6.7/core/org-netbeans-upgrader.jar:/usr/local/netbeans-6.7.1/nb6.7/core/locale/core_nb_pt_BR.jar:/usr/local/netbeans-6.7.1/nb6.7/core/locale/core_nb_zh_CN.jar:/usr/local/netbeans-6.7.1/nb6.7/core/locale/org-netbeans-upgrader_ja.jar:/usr/local/netbeans-6.7.1/nb6.7/core/locale/core_nb_ja.jar:/usr/local/netbeans-6.7.1/nb6.7/core/locale/org-netbeans-upgrader_pt_BR.jar:/usr/local/netbeans-6.7.1/nb6.7/core/locale/core_nb.jar:/usr/local/netbeans-6.7.1/nb6.7/core/locale/org-netbeans-upgrader_zh_CN.jar" />
    <property name="java.vm.specification.version" value="1.0" />
    <property name="jspcompilation.classpath" value="/usr/local/netbeans-6.7.1/java2/ant/lib/ant.jar:/usr/local/netbeans-6.7.1/enterprise5/modules/ext/servlet2.5-jsp2.1-api.jar:/home/tulga/Documents/TAR/apache-tomcat-6.0.20/lib/tomcat-coyote.jar:/home/tulga/Documents/TAR/apache-tomcat-6.0.20/lib/tomcat-i18n-ja.jar:/home/tulga/Documents/TAR/apache-tomcat-6.0.20/lib/tomcat-dbcp.jar:/home/tulga/Documents/TAR/apache-tomcat-6.0.20/lib/annotations-api.jar:/home/tulga/Documents/TAR/apache-tomcat-6.0.20/lib/tomcat-i18n-es.jar:/home/tulga/Documents/TAR/apache-tomcat-6.0.20/lib/catalina-tribes.jar:/home/tulga/Documents/TAR/apache-tomcat-6.0.20/lib/jasper.jar:/home/tulga/Documents/TAR/apache-tomcat-6.0.20/lib/tomcat-i18n-fr.jar:/home/tulga/Documents/TAR/apache-tomcat-6.0.20/lib/jsp-api.jar:/home/tulga/Documents/TAR/apache-tomcat-6.0.20/lib/catalina-ha.jar:/home/tulga/Documents/TAR/apache-tomcat-6.0.20/lib/servlet-api.jar:/home/tulga/Documents/TAR/apache-tomcat-6.0.20/lib/catalina.jar:/home/tulga/Documents/TAR/apache-tomcat-6.0.20/lib/catalina-ant.jar:/home/tulga/Documents/TAR/apache-tomcat-6.0.20/lib/jasper-el.jar:/home/tulga/Documents/TAR/apache-tomcat-6.0.20/lib/el-api.jar:/home/tulga/Documents/TAR/apache-tomcat-6.0.20/bin/tomcat-juli.jar:/usr/local/netbeans-6.7.1/enterprise5/modules/ext/glassfish-jspparser-2.0.jar:/usr/local/netbeans-6.7.1/enterprise5/modules/ext/glassfish-logging-2.0.jar:/usr/local/netbeans-6.7.1/ide11/modules/ext/commons-logging-1.1.jar:/usr/local/netbeans-6.7.1/java2/ant/lib/ant-launcher.jar:/usr/local/netbeans-6.7.1/java2/modules/ext/hibernate/antlr-2.7.6.jar:/usr/local/netbeans-6.7.1/java2/modules/ext/hibernate/asm.jar:/usr/local/netbeans-6.7.1/java2/modules/ext/hibernate/asm-attrs.jar:/usr/local/netbeans-6.7.1/java2/modules/ext/hibernate/cglib-2.1.3.jar:/usr/local/netbeans-6.7.1/java2/modules/ext/hibernate/commons-collections-2.1.1.jar:/usr/local/netbeans-6.7.1/ide11/modules/ext/commons-logging-1.1.jar:/usr/local/netbeans-6.7.1/java2/modules/ext/hibernate/dom4j-1.6.1.jar:/usr/local/netbeans-6.7.1/java2/modules/ext/hibernate/ehcache-1.2.3.jar:/usr/local/netbeans-6.7.1/java2/modules/ext/hibernate/jdbc2_0-stdext.jar:/usr/local/netbeans-6.7.1/java2/modules/ext/hibernate/jta.jar:/usr/local/netbeans-6.7.1/java2/modules/ext/hibernate/hibernate3.jar:/usr/local/netbeans-6.7.1/java2/modules/ext/hibernate/hibernate-tools.jar:/usr/local/netbeans-6.7.1/java2/modules/ext/hibernate/hibernate-annotations.jar:/usr/local/netbeans-6.7.1/java2/modules/ext/hibernate/hibernate-commons-annotations.jar:/usr/local/netbeans-6.7.1/java2/modules/ext/hibernate/hibernate-entitymanager.jar:/usr/local/netbeans-6.7.1/java2/modules/ext/hibernate/javassist.jar:/usr/local/netbeans-6.7.1/ide11/modules/ext/mysql-connector-java-5.1.6-bin.jar:/usr/local/netbeans-6.7.1/ide11/modules/ext/commons-logging-1.1.jar:/usr/local/netbeans-6.7.1/java2/modules/ext/cglib-2.2.jar:/usr/local/netbeans-6.7.1/java2/modules/ext/spring/spring-2.5.jar:/usr/local/netbeans-6.7.1/enterprise5/modules/ext/spring/spring-webmvc-2.5.jar:/usr/local/netbeans-6.7.1/enterprise5/modules/ext/struts/antlr-2.7.2.jar:/usr/local/netbeans-6.7.1/enterprise5/modules/ext/struts/bsf-2.3.0.jar:/usr/local/netbeans-6.7.1/enterprise5/modules/ext/struts/commons-beanutils-1.7.0.jar:/usr/local/netbeans-6.7.1/enterprise5/modules/ext/struts/commons-chain-1.1.jar:/usr/local/netbeans-6.7.1/enterprise5/modules/ext/struts/commons-digester-1.8.jar:/usr/local/netbeans-6.7.1/enterprise5/modules/ext/struts/commons-fileupload-1.1.1.jar:/usr/local/netbeans-6.7.1/enterprise5/modules/ext/struts/commons-io-1.1.jar:/usr/local/netbeans-6.7.1/enterprise5/modules/ext/struts/commons-logging-1.0.4.jar:/usr/local/netbeans-6.7.1/enterprise5/modules/ext/struts/commons-validator-1.3.1.jar:/usr/local/netbeans-6.7.1/enterprise5/modules/ext/struts/jstl-1.0.2.jar:/usr/local/netbeans-6.7.1/enterprise5/modules/ext/struts/oro-2.0.8.jar:/usr/local/netbeans-6.7.1/enterprise5/modules/ext/struts/standard-1.0.2.jar:/usr/local/netbeans-6.7.1/enterprise5/modules/ext/struts/struts-core-1.3.8.jar:/usr/local/netbeans-6.7.1/enterprise5/modules/ext/struts/struts-el-1.3.8.jar:/usr/local/netbeans-6.7.1/enterprise5/modules/ext/struts/struts-extras-1.3.8.jar:/usr/local/netbeans-6.7.1/enterprise5/modules/ext/struts/struts-faces-1.3.8.jar:/usr/local/netbeans-6.7.1/enterprise5/modules/ext/struts/struts-mailreader-dao-1.3.8.jar:/usr/local/netbeans-6.7.1/enterprise5/modules/ext/struts/struts-scripting-1.3.8.jar:/usr/local/netbeans-6.7.1/enterprise5/modules/ext/struts/struts-taglib-1.3.8.jar:/usr/local/netbeans-6.7.1/enterprise5/modules/ext/struts/struts-tiles-1.3.8.jar:/usr/local/netbeans-6.7.1/enterprise5/modules/ext/standard.jar:/usr/local/netbeans-6.7.1/enterprise5/modules/ext/jstl.jar" />
    <property name="org.glassfish.v3.installRoot" value="/usr/local/sges-v3-prelude" />
    <property name="libs.hibernate-persistence.classpath" value="/usr/local/netbeans-6.7.1/java2/modules/ext/hibernate/antlr-2.7.6.jar:/usr/local/netbeans-6.7.1/java2/modules/ext/hibernate/asm.jar:/usr/local/netbeans-6.7.1/java2/modules/ext/hibernate/asm-attrs.jar:/usr/local/netbeans-6.7.1/java2/modules/ext/hibernate/cglib-2.1.3.jar:/usr/local/netbeans-6.7.1/java2/modules/ext/hibernate/commons-collections-2.1.1.jar:/usr/local/netbeans-6.7.1/ide11/modules/ext/commons-logging-1.1.jar:/usr/local/netbeans-6.7.1/java2/modules/ext/hibernate/dom4j-1.6.1.jar:/usr/local/netbeans-6.7.1/java2/modules/ext/hibernate/ehcache-1.2.3.jar:/usr/local/netbeans-6.7.1/java2/modules/ext/hibernate/jdbc2_0-stdext.jar:/usr/local/netbeans-6.7.1/java2/modules/ext/hibernate/jta.jar:/usr/local/netbeans-6.7.1/java2/modules/ext/hibernate/hibernate3.jar:/usr/local/netbeans-6.7.1/java2/modules/ext/hibernate/hibernate-tools.jar:/usr/local/netbeans-6.7.1/java2/modules/ext/hibernate/hibernate-annotations.jar:/usr/local/netbeans-6.7.1/java2/modules/ext/hibernate/hibernate-commons-annotations.jar:/usr/local/netbeans-6.7.1/java2/modules/ext/hibernate/hibernate-entitymanager.jar:/usr/local/netbeans-6.7.1/java2/modules/ext/hibernate/javassist.jar:/usr/local/netbeans-6.7.1/java2/modules/ext/hibernate/ejb3-persistence.jar" />
    <property name="libs.jaxws21.src" value="" />
    <property name="do.war.package.with.custom.manifest" value="true" />
    <property name="libs.swing-app-framework.classpath" value="/usr/local/netbeans-6.7.1/java2/modules/ext/appframework-1.0.3.jar:/usr/local/netbeans-6.7.1/java2/modules/ext/swing-worker-1.1.jar" />
    <property name="org.netbeans.core.startup.specialResource" value="nullcom.sun.jdo.api.persistence.mapping.ejb" />
    <property name="java.vendor" value="Sun Microsystems Inc." />
    <property name="javac.debug" value="true" />
    <property name="javadoc.splitindex" value="true" />
    <property name="file.separator" value="/" />
    <property name="libs.IdentityAntTasks.src" value="" />
    <property name="libs.junit_4.maven-pom" value="" />
    <property name="resource.dir" value="setup" />
    <property name="netbeans.buildnumber" value="200907230233" />
    <property name="libs.JWSAntTasks.javadoc" value="" />
    <property name="build.generated.sources.dir" value="build/generated-sources" />
    <property name="libs.webui-runtime.classpath" value="/home/tulga/.netbeans/6.7/modules/ext/webui.jar:/usr/local/netbeans-6.7.1/enterprise5/modules/ext/commons-fileupload-1.0.jar" />
    <property name="sun.java.launcher" value="SUN_STANDARD" />
    <property name="libs.junit.classpath" value="/usr/local/netbeans-6.7.1/java2/modules/ext/junit-3.8.2.jar" />
    <property name="libs.jaxb.javadoc" value="" />
    <property name="libs.struts.classpath" value="/usr/local/netbeans-6.7.1/enterprise5/modules/ext/struts/antlr-2.7.2.jar:/usr/local/netbeans-6.7.1/enterprise5/modules/ext/struts/bsf-2.3.0.jar:/usr/local/netbeans-6.7.1/enterprise5/modules/ext/struts/commons-beanutils-1.7.0.jar:/usr/local/netbeans-6.7.1/enterprise5/modules/ext/struts/commons-chain-1.1.jar:/usr/local/netbeans-6.7.1/enterprise5/modules/ext/struts/commons-digester-1.8.jar:/usr/local/netbeans-6.7.1/enterprise5/modules/ext/struts/commons-fileupload-1.1.1.jar:/usr/local/netbeans-6.7.1/enterprise5/modules/ext/struts/commons-io-1.1.jar:/usr/local/netbeans-6.7.1/enterprise5/modules/ext/struts/commons-logging-1.0.4.jar:/usr/local/netbeans-6.7.1/enterprise5/modules/ext/struts/commons-validator-1.3.1.jar:/usr/local/netbeans-6.7.1/enterprise5/modules/ext/struts/jstl-1.0.2.jar:/usr/local/netbeans-6.7.1/enterprise5/modules/ext/struts/oro-2.0.8.jar:/usr/local/netbeans-6.7.1/enterprise5/modules/ext/struts/standard-1.0.2.jar:/usr/local/netbeans-6.7.1/enterprise5/modules/ext/struts/struts-core-1.3.8.jar:/usr/local/netbeans-6.7.1/enterprise5/modules/ext/struts/struts-el-1.3.8.jar:/usr/local/netbeans-6.7.1/enterprise5/modules/ext/struts/struts-extras-1.3.8.jar:/usr/local/netbeans-6.7.1/enterprise5/modules/ext/struts/struts-faces-1.3.8.jar:/usr/local/netbeans-6.7.1/enterprise5/modules/ext/struts/struts-mailreader-dao-1.3.8.jar:/usr/local/netbeans-6.7.1/enterprise5/modules/ext/struts/struts-scripting-1.3.8.jar:/usr/local/netbeans-6.7.1/enterprise5/modules/ext/struts/struts-taglib-1.3.8.jar:/usr/local/netbeans-6.7.1/enterprise5/modules/ext/struts/struts-tiles-1.3.8.jar" />
    <property name="libs.woodstock-theme-default.classpath" value="/home/tulga/.netbeans/6.7/modules/ext/webui-jsf-suntheme.jar" />
    <property name="application.args.param" value="" />
    <property name="ant.home" value="/usr/local/netbeans-6.7.1/java2/ant" />
    <property name="libs.junit_4.src" value="/usr/local/netbeans-6.7.1/java2/docs/junit-4.5-src.jar" />
    <property name="conf.dir" value="src/conf" />
    <property name="webinf.dir" value="web/WEB-INF" />
    <property name="libs.absolutelayout.maven-pom" value="" />
    <property name="ant.java.version" value="1.6" />
    <property name="java.library.path" value="/home/tulga/Documents/APIs/jdk1.6.0_16/jre/lib/i386/server:/home/tulga/Documents/APIs/jdk1.6.0_16/jre/lib/i386:/home/tulga/Documents/APIs/jdk1.6.0_16/jre/../lib/i386:/home/tulga/Documents/APIs/jdk1.6.0_16/jre/lib/i386/client:/home/tulga/Documents/APIs/jdk1.6.0_16/jre/lib/i386:/home/tulga/Documents/APIs/jdk1.6.0_16/jre/../lib/i386:/usr/java/packages/lib/i386:/lib:/usr/lib" />
    <property name="javadoc.author" value="false" />
    <property name="libs.metro.maven-pom" value="" />
    <property name="libs.IdentityAntTasks.classpath" value="/usr/local/netbeans-6.7.1/identity2/ant/nblib/org-netbeans-modules-identity-ant.jar:/usr/local/netbeans-6.7.1/identity2/modules/org-netbeans-modules-identity-profile-api.jar" />
    <property name="java.util.logging.config.class" value="org.netbeans.core.startup.TopLogging" />
    <property name="libs.PostgreSQLDriver.src" value="" />
    <property name="sun.arch.data.model" value="32" />
    <property name="basedir" value="/home/tulga/My_Sites/test" />
    <property name="jar.compress" value="false" />
    <property name="libs.jsonlibrary.src" value="" />
    <property name="libs.jstl11.classpath" value="/usr/local/netbeans-6.7.1/enterprise5/modules/ext/standard.jar:/usr/local/netbeans-6.7.1/enterprise5/modules/ext/jstl.jar" />
    <property name="path.separator" value=":" />
    <property name="dist.war" value="dist/test.war" />
    <property name="com.sun.aas.installRoot" value="/usr/local/SUNWappserver" />
    <property name="sun.io.unicode.encoding" value="UnicodeLittle" />
    <property name="libs.jaxws21.classpath" value="/usr/local/netbeans-6.7.1/ide11/modules/ext/jaxb/activation.jar:/usr/local/netbeans-6.7.1/ide11/modules/ext/jaxb/api/jaxb-api.jar:/usr/local/netbeans-6.7.1/ide11/modules/ext/jaxb/jaxb-impl.jar:/usr/local/netbeans-6.7.1/ide11/modules/ext/jaxb/jaxb-xjc.jar:/usr/local/netbeans-6.7.1/ide11/modules/ext/jaxb/api/jsr173_api.jar:/usr/local/netbeans-6.7.1/java2/modules/ext/jaxws21/FastInfoset.jar:/usr/local/netbeans-6.7.1/java2/modules/ext/jaxws21/http.jar:/usr/local/netbeans-6.7.1/java2/modules/ext/jaxws21/api/jaxws-api.jar:/usr/local/netbeans-6.7.1/java2/modules/ext/jaxws21/jaxws-rt.jar:/usr/local/netbeans-6.7.1/java2/modules/ext/jaxws21/jaxws-tools.jar:/usr/local/netbeans-6.7.1/java2/modules/ext/jaxws21/api/jsr181-api.jar:/usr/local/netbeans-6.7.1/java2/modules/ext/jaxws21/api/jsr250-api.jar:/usr/local/netbeans-6.7.1/java2/modules/ext/jaxws21/mimepull.jar:/usr/local/netbeans-6.7.1/java2/modules/ext/jaxws21/api/saaj-api.jar:/usr/local/netbeans-6.7.1/java2/modules/ext/jaxws21/saaj-impl.jar:/usr/local/netbeans-6.7.1/java2/modules/ext/jaxws21/sjsxp.jar:/usr/local/netbeans-6.7.1/java2/modules/ext/jaxws21/stax-ex.jar:/usr/local/netbeans-6.7.1/java2/modules/ext/jaxws21/streambuffer.jar" />
    <property name="libs.struts.src" value="" />
    <property name="user.language" value="en" />
    <property name="j2ee.platform.classpath" value="/home/tulga/Documents/TAR/apache-tomcat-6.0.20/lib/tomcat-coyote.jar:/home/tulga/Documents/TAR/apache-tomcat-6.0.20/lib/tomcat-i18n-ja.jar:/home/tulga/Documents/TAR/apache-tomcat-6.0.20/lib/tomcat-dbcp.jar:/home/tulga/Documents/TAR/apache-tomcat-6.0.20/lib/annotations-api.jar:/home/tulga/Documents/TAR/apache-tomcat-6.0.20/lib/tomcat-i18n-es.jar:/home/tulga/Documents/TAR/apache-tomcat-6.0.20/lib/catalina-tribes.jar:/home/tulga/Documents/TAR/apache-tomcat-6.0.20/lib/jasper.jar:/home/tulga/Documents/TAR/apache-tomcat-6.0.20/lib/tomcat-i18n-fr.jar:/home/tulga/Documents/TAR/apache-tomcat-6.0.20/lib/jsp-api.jar:/home/tulga/Documents/TAR/apache-tomcat-6.0.20/lib/catalina-ha.jar:/home/tulga/Documents/TAR/apache-tomcat-6.0.20/lib/servlet-api.jar:/home/tulga/Documents/TAR/apache-tomcat-6.0.20/lib/catalina.jar:/home/tulga/Documents/TAR/apache-tomcat-6.0.20/lib/catalina-ant.jar:/home/tulga/Documents/TAR/apache-tomcat-6.0.20/lib/jasper-el.jar:/home/tulga/Documents/TAR/apache-tomcat-6.0.20/lib/el-api.jar:/home/tulga/Documents/TAR/apache-tomcat-6.0.20/bin/tomcat-juli.jar" />
    <property name="libs.spring-framework.classpath" value="/usr/local/netbeans-6.7.1/ide11/modules/ext/commons-logging-1.1.jar:/usr/local/netbeans-6.7.1/java2/modules/ext/cglib-2.2.jar:/usr/local/netbeans-6.7.1/java2/modules/ext/spring/spring-2.5.jar" />
    <property name="build.meta.inf.dir" value="build/web/META-INF" />
    <property name="persistence.xml.dir" value="src/conf" />
    <property name="run.test.classpath" value="/usr/local/netbeans-6.7.1/java2/modules/ext/hibernate/antlr-2.7.6.jar:/usr/local/netbeans-6.7.1/java2/modules/ext/hibernate/asm.jar:/usr/local/netbeans-6.7.1/java2/modules/ext/hibernate/asm-attrs.jar:/usr/local/netbeans-6.7.1/java2/modules/ext/hibernate/cglib-2.1.3.jar:/usr/local/netbeans-6.7.1/java2/modules/ext/hibernate/commons-collections-2.1.1.jar:/usr/local/netbeans-6.7.1/ide11/modules/ext/commons-logging-1.1.jar:/usr/local/netbeans-6.7.1/java2/modules/ext/hibernate/dom4j-1.6.1.jar:/usr/local/netbeans-6.7.1/java2/modules/ext/hibernate/ehcache-1.2.3.jar:/usr/local/netbeans-6.7.1/java2/modules/ext/hibernate/jdbc2_0-stdext.jar:/usr/local/netbeans-6.7.1/java2/modules/ext/hibernate/jta.jar:/usr/local/netbeans-6.7.1/java2/modules/ext/hibernate/hibernate3.jar:/usr/local/netbeans-6.7.1/java2/modules/ext/hibernate/hibernate-tools.jar:/usr/local/netbeans-6.7.1/java2/modules/ext/hibernate/hibernate-annotations.jar:/usr/local/netbeans-6.7.1/java2/modules/ext/hibernate/hibernate-commons-annotations.jar:/usr/local/netbeans-6.7.1/java2/modules/ext/hibernate/hibernate-entitymanager.jar:/usr/local/netbeans-6.7.1/java2/modules/ext/hibernate/javassist.jar:/usr/local/netbeans-6.7.1/ide11/modules/ext/mysql-connector-java-5.1.6-bin.jar:/usr/local/netbeans-6.7.1/ide11/modules/ext/commons-logging-1.1.jar:/usr/local/netbeans-6.7.1/java2/modules/ext/cglib-2.2.jar:/usr/local/netbeans-6.7.1/java2/modules/ext/spring/spring-2.5.jar:/usr/local/netbeans-6.7.1/enterprise5/modules/ext/spring/spring-webmvc-2.5.jar:/usr/local/netbeans-6.7.1/enterprise5/modules/ext/struts/antlr-2.7.2.jar:/usr/local/netbeans-6.7.1/enterprise5/modules/ext/struts/bsf-2.3.0.jar:/usr/local/netbeans-6.7.1/enterprise5/modules/ext/struts/commons-beanutils-1.7.0.jar:/usr/local/netbeans-6.7.1/enterprise5/modules/ext/struts/commons-chain-1.1.jar:/usr/local/netbeans-6.7.1/enterprise5/modules/ext/struts/commons-digester-1.8.jar:/usr/local/netbeans-6.7.1/enterprise5/modules/ext/struts/commons-fileupload-1.1.1.jar:/usr/local/netbeans-6.7.1/enterprise5/modules/ext/struts/commons-io-1.1.jar:/usr/local/netbeans-6.7.1/enterprise5/modules/ext/struts/commons-logging-1.0.4.jar:/usr/local/netbeans-6.7.1/enterprise5/modules/ext/struts/commons-validator-1.3.1.jar:/usr/local/netbeans-6.7.1/enterprise5/modules/ext/struts/jstl-1.0.2.jar:/usr/local/netbeans-6.7.1/enterprise5/modules/ext/struts/oro-2.0.8.jar:/usr/local/netbeans-6.7.1/enterprise5/modules/ext/struts/standard-1.0.2.jar:/usr/local/netbeans-6.7.1/enterprise5/modules/ext/struts/struts-core-1.3.8.jar:/usr/local/netbeans-6.7.1/enterprise5/modules/ext/struts/struts-el-1.3.8.jar:/usr/local/netbeans-6.7.1/enterprise5/modules/ext/struts/struts-extras-1.3.8.jar:/usr/local/netbeans-6.7.1/enterprise5/modules/ext/struts/struts-faces-1.3.8.jar:/usr/local/netbeans-6.7.1/enterprise5/modules/ext/struts/struts-mailreader-dao-1.3.8.jar:/usr/local/netbeans-6.7.1/enterprise5/modules/ext/struts/struts-scripting-1.3.8.jar:/usr/local/netbeans-6.7.1/enterprise5/modules/ext/struts/struts-taglib-1.3.8.jar:/usr/local/netbeans-6.7.1/enterprise5/modules/ext/struts/struts-tiles-1.3.8.jar:/usr/local/netbeans-6.7.1/enterprise5/modules/ext/standard.jar:/usr/local/netbeans-6.7.1/enterprise5/modules/ext/jstl.jar:build/web/WEB-INF/classes:/usr/local/netbeans-6.7.1/platform10/modules/ext/junit-4.5.jar:build/test/classes" />
    <property name="useJavaUtilZip" value="true" />
    <property name="libs.swing-layout.javadoc" value="/usr/local/netbeans-6.7.1/platform10/docs/swing-layout-1.0.3-doc.zip" />
    <property name="libs.swing-app-framework.javadoc" value="/usr/local/netbeans-6.7.1/java2/docs/appframework-1.0.3-doc.zip" />
    <property name="libs.ejb3-persistence.maven-pom" value="" />
    <property name="libs.jmakilibrary.src" value="" />
    <property name="libs.jsonlibrary.maven-pom" value="" />
    <property name="https.nonProxyHosts" value="localhost|127.0.0.1|tulga-laptop" />
    <property name="libs.PostgreSQLDriver.maven-pom" value="" />
    <property name="java.class.version" value="50.0" />
    <property name="netbeans.system_http_proxy" value="DIRECT" />
    <property name="user.properties.file" value="/home/tulga/.netbeans/6.7/build.properties" />
    <property name="build.web.dir" value="build/web" />
    <property name="libs.spring-framework.src" value="" />
    <property name="libs.javac-api.maven-pom" value="" />
    <property name="file.encoding.pkg" value="sun.io" />
    <property name="sun.cpu.endian" value="little" />
    <property name="libs.JWSAntTasks.classpath" value="/usr/local/netbeans-6.7.1/java2/ant/extra/org-netbeans-modules-javawebstart-anttasks.jar" />
    <property name="libs.EclipseLink-GlassFish-v3-Prelude.classpath" value="/usr/local/sges-v3-prelude/glassfish/modules/org.eclipse.persistence.jpa.jar:/usr/local/sges-v3-prelude/glassfish/modules/org.eclipse.persistence.oracle.jar:/usr/local/sges-v3-prelude/glassfish/modules/org.eclipse.persistence.core.jar:/usr/local/sges-v3-prelude/glassfish/modules/org.eclipse.persistence.antlr.jar:/usr/local/sges-v3-prelude/glassfish/modules/org.eclipse.persistence.asm.jar:/usr/local/sges-v3-prelude/glassfish/modules/javax.persistence.jar" />
    <property name="empty.dir" value="/home/tulga/My_Sites/test/build/empty" />
    <property name="display.browser" value="true" />
    <property name="libs.jsfsupport-designtime.classpath" value="/home/tulga/.netbeans/6.7/modules/ext/jsfcl.jar:/home/tulga/.netbeans/6.7/modules/ext/appbase.jar:/home/tulga/.netbeans/6.7/modules/ext/dataprovider.jar:/home/tulga/.netbeans/6.7/modules/ext/sqlx.jar" />
    <property name="version-output" value="java version &quot;1.6" />
    <property name="javadoc.preview" value="true" />
    <property name="nbplatform.default.harness.dir" value="/usr/local/netbeans-6.7.1/harness" />
    <property name="java.home" value="/home/tulga/Documents/APIs/jdk1.6.0_16/jre" />
    <property name="pythonplatform.Python_2.6.2.console" value="/usr/bin/python" />
    <property name="libs.spring-webmvc.src" value="" />
    <property name="auxiliary.org-netbeans-modules-web-client-tools-api.clientdebug" value="false" />
    <property name="libs.Comet-GlassFish-v3-Prelude.classpath" value="/usr/local/sges-v3-prelude/glassfish/modules/grizzly-module.jar" />
    <property name="debug.test.classpath" value="/usr/local/netbeans-6.7.1/java2/modules/ext/hibernate/antlr-2.7.6.jar:/usr/local/netbeans-6.7.1/java2/modules/ext/hibernate/asm.jar:/usr/local/netbeans-6.7.1/java2/modules/ext/hibernate/asm-attrs.jar:/usr/local/netbeans-6.7.1/java2/modules/ext/hibernate/cglib-2.1.3.jar:/usr/local/netbeans-6.7.1/java2/modules/ext/hibernate/commons-collections-2.1.1.jar:/usr/local/netbeans-6.7.1/ide11/modules/ext/commons-logging-1.1.jar:/usr/local/netbeans-6.7.1/java2/modules/ext/hibernate/dom4j-1.6.1.jar:/usr/local/netbeans-6.7.1/java2/modules/ext/hibernate/ehcache-1.2.3.jar:/usr/local/netbeans-6.7.1/java2/modules/ext/hibernate/jdbc2_0-stdext.jar:/usr/local/netbeans-6.7.1/java2/modules/ext/hibernate/jta.jar:/usr/local/netbeans-6.7.1/java2/modules/ext/hibernate/hibernate3.jar:/usr/local/netbeans-6.7.1/java2/modules/ext/hibernate/hibernate-tools.jar:/usr/local/netbeans-6.7.1/java2/modules/ext/hibernate/hibernate-annotations.jar:/usr/local/netbeans-6.7.1/java2/modules/ext/hibernate/hibernate-commons-annotations.jar:/usr/local/netbeans-6.7.1/java2/modules/ext/hibernate/hibernate-entitymanager.jar:/usr/local/netbeans-6.7.1/java2/modules/ext/hibernate/javassist.jar:/usr/local/netbeans-6.7.1/ide11/modules/ext/mysql-connector-java-5.1.6-bin.jar:/usr/local/netbeans-6.7.1/ide11/modules/ext/commons-logging-1.1.jar:/usr/local/netbeans-6.7.1/java2/modules/ext/cglib-2.2.jar:/usr/local/netbeans-6.7.1/java2/modules/ext/spring/spring-2.5.jar:/usr/local/netbeans-6.7.1/enterprise5/modules/ext/spring/spring-webmvc-2.5.jar:/usr/local/netbeans-6.7.1/enterprise5/modules/ext/struts/antlr-2.7.2.jar:/usr/local/netbeans-6.7.1/enterprise5/modules/ext/struts/bsf-2.3.0.jar:/usr/local/netbeans-6.7.1/enterprise5/modules/ext/struts/commons-beanutils-1.7.0.jar:/usr/local/netbeans-6.7.1/enterprise5/modules/ext/struts/commons-chain-1.1.jar:/usr/local/netbeans-6.7.1/enterprise5/modules/ext/struts/commons-digester-1.8.jar:/usr/local/netbeans-6.7.1/enterprise5/modules/ext/struts/commons-fileupload-1.1.1.jar:/usr/local/netbeans-6.7.1/enterprise5/modules/ext/struts/commons-io-1.1.jar:/usr/local/netbeans-6.7.1/enterprise5/modules/ext/struts/commons-logging-1.0.4.jar:/usr/local/netbeans-6.7.1/enterprise5/modules/ext/struts/commons-validator-1.3.1.jar:/usr/local/netbeans-6.7.1/enterprise5/modules/ext/struts/jstl-1.0.2.jar:/usr/local/netbeans-6.7.1/enterprise5/modules/ext/struts/oro-2.0.8.jar:/usr/local/netbeans-6.7.1/enterprise5/modules/ext/struts/standard-1.0.2.jar:/usr/local/netbeans-6.7.1/enterprise5/modules/ext/struts/struts-core-1.3.8.jar:/usr/local/netbeans-6.7.1/enterprise5/modules/ext/struts/struts-el-1.3.8.jar:/usr/local/netbeans-6.7.1/enterprise5/modules/ext/struts/struts-extras-1.3.8.jar:/usr/local/netbeans-6.7.1/enterprise5/modules/ext/struts/struts-faces-1.3.8.jar:/usr/local/netbeans-6.7.1/enterprise5/modules/ext/struts/struts-mailreader-dao-1.3.8.jar:/usr/local/netbeans-6.7.1/enterprise5/modules/ext/struts/struts-scripting-1.3.8.jar:/usr/local/netbeans-6.7.1/enterprise5/modules/ext/struts/struts-taglib-1.3.8.jar:/usr/local/netbeans-6.7.1/enterprise5/modules/ext/struts/struts-tiles-1.3.8.jar:/usr/local/netbeans-6.7.1/enterprise5/modules/ext/standard.jar:/usr/local/netbeans-6.7.1/enterprise5/modules/ext/jstl.jar:build/web/WEB-INF/classes:/usr/local/netbeans-6.7.1/platform10/modules/ext/junit-4.5.jar:build/test/classes" />
    <property name="netbeans.importclass" value="org.netbeans.upgrade.AutoUpgrade" />
    <property name="libs.webui-designtime.src" value="/home/tulga/.netbeans/6.7/docs/webui-src.zip" />
    <property name="org.openide.TopManager" value="org.netbeans.core.NonGui" />
    <property name="libs.toplink.maven-pom" value="" />
    <property name="libs.PostgreSQLDriver.javadoc" value="" />
    <property name="libs.restlib.classpath" value="/usr/local/netbeans-6.7.1/enterprise5/modules/ext/rest/jersey.jar:/usr/local/netbeans-6.7.1/enterprise5/modules/ext/rest/http.jar:/usr/local/netbeans-6.7.1/enterprise5/modules/ext/rest/wadl2java.jar:/usr/local/netbeans-6.7.1/enterprise5/modules/ext/rest/rome-0.9.jar:/usr/local/netbeans-6.7.1/enterprise5/modules/ext/rest/jdom-1.0.jar:/usr/local/netbeans-6.7.1/enterprise5/modules/ext/rest/jettison-1.0-RC1.jar:/usr/local/netbeans-6.7.1/enterprise5/modules/ext/rest/asm-3.1.jar:/usr/local/netbeans-6.7.1/enterprise5/modules/ext/rest/grizzly-servlet-webserver-1.7.3.2.jar:/usr/local/netbeans-6.7.1/enterprise5/modules/ext/rest/jersey-spring.jar:/usr/local/netbeans-6.7.1/ide11/modules/ext/jaxb/activation.jar:/usr/local/netbeans-6.7.1/ide11/modules/ext/jaxb/api/jaxb-api.jar:/usr/local/netbeans-6.7.1/ide11/modules/ext/jaxb/jaxb-impl.jar:/usr/local/netbeans-6.7.1/ide11/modules/ext/jaxb/jaxb-xjc.jar:/usr/local/netbeans-6.7.1/ide11/modules/ext/jaxb/api/jsr173_api.jar" />
    <property name="libs.exceptionhandler-runtime.javadoc" value="" />
    <property name="libs.jsfsupport-runtime.classpath" value="/home/tulga/.netbeans/6.7/modules/ext/jsfcl.jar:/home/tulga/.netbeans/6.7/modules/ext/appbase.jar:/home/tulga/.netbeans/6.7/modules/ext/dataprovider.jar:/home/tulga/.netbeans/6.7/modules/ext/sqlx.jar" />
    <property name="libs.MySQLDriver.maven-pom" value="" />
    <property name="http.nonProxyHosts" value="localhost|127.0.0.1|tulga-laptop" />
    <property name="libs.junit_4.javadoc" value="/usr/local/netbeans-6.7.1/java2/docs/junit-4.5-api.zip" />
    <property name="libs.spring-webmvc.javadoc" value="" />
    <property name="libs.toplink.src" value="" />
    <property name="pythonplatform.Python_2.6.2.args" value="-u" />
    <property name="j2ee.deploy.on.save" value="false" />
    <property name="libs.webui.javadoc" value="/home/tulga/.netbeans/6.7/docs/webui-doc.zip" />
    <property name="libs.jsf12-support.javadoc" value="/home/tulga/.netbeans/6.7/docs/appbase-doc.zip:/home/tulga/.netbeans/6.7/docs/dataprovider-doc.zip:/home/tulga/.netbeans/6.7/docs/jsfcl-doc.zip" />
    <property name="libs.hibernate-support.src" value="" />
    <property name="libs.theme-default.runtime" value="/home/tulga/.netbeans/6.7/modules/ext/defaulttheme.jar" />
    <property name="libs.jdbcsupport-runtime.maven-pom" value="" />
    <property name="libs.restapi.src" value="" />
    <property name="sun.management.compiler" value="HotSpot Tiered Compilers" />
    <property name="libs.Comet-GlassFish-v3-Prelude.javadoc" value="" />
    <property name="javac.deprecation" value="false" />
    <property name="javadoc.use" value="true" />
    <property name="libs.jdbcsupport-runtime.src" value="" />
    <property name="libs.jdbcsupport-designtime.maven-pom" value="" />
    <property name="libs.theme-default-gray.classpath" value="/home/tulga/.netbeans/6.7/modules/ext/defaulttheme-gray.jar" />
    <property name="client.urlPart" value="" />
    <property name="sun.java2d.noddraw" value="true" />
    <property name="dist.ear.war" value="dist/test.war" />
    <property name="libs.spring-webmvc.classpath" value="/usr/local/netbeans-6.7.1/enterprise5/modules/ext/spring/spring-webmvc-2.5.jar" />
    <property name="javac.compilerargs" value="" />
    <property name="ant.file" value="/home/tulga/My_Sites/test/build.xml" />
    <property name="libs.beans-binding.maven-pom" value="" />
    <property name="auxiliary.org-netbeans-modules-web-client-tools-api.serverdebug" value="true" />
    <property name="libs.jsf12.classpath" value="/usr/local/netbeans-6.7.1/enterprise5/modules/ext/jsf-1_2/commons-beanutils.jar:/usr/local/netbeans-6.7.1/enterprise5/modules/ext/jsf-1_2/commons-collections.jar:/usr/local/netbeans-6.7.1/enterprise5/modules/ext/jsf-1_2/commons-digester.jar:/usr/local/netbeans-6.7.1/enterprise5/modules/ext/jsf-1_2/commons-logging.jar:/usr/local/netbeans-6.7.1/enterprise5/modules/ext/jsf-1_2/jsf-api.jar:/usr/local/netbeans-6.7.1/enterprise5/modules/ext/jsf-1_2/jsf-impl.jar" />
    <property name="sun.awt.exception.handler" value="org.netbeans.core.startup.TopLogging$AWTHandler" />
    <property name="has.custom.manifest" value="true" />
    <property name="libs.restapi.maven-pom" value="" />
    <property name="libs.beans-binding.src" value="" />
    <property name="java.vm.specification.vendor" value="Sun Microsystems Inc." />
    <property name="libs.swing-layout.src" value="/usr/local/netbeans-6.7.1/platform10/docs/swing-layout-1.0.3-src.zip" />
    <property name="libs.webui.src" value="/home/tulga/.netbeans/6.7/docs/webui-src.zip" />
    <property name="org.openide.major.version" value="IDE/1" />
    <property name="java.vm.name" value="Java HotSpot(TM) Server VM" />
    <property name="do.display.browser.debug" value="true" />
    <property name="netbeans.user" value="/home/tulga/.netbeans/6.7" />
    <property name="javadoc.additionalparam" value="" />
    <property name="java.io.tmpdir" value="/tmp" />
    <property name="java.vendor.url" value="http://java.sun.com/" />
    <property name="compile.jsps" value="false" />
    <property name="jspc.classpath" value="/usr/local/netbeans-6.7.1/java2/ant/lib/ant.jar:/usr/local/netbeans-6.7.1/enterprise5/modules/ext/servlet2.5-jsp2.1-api.jar:/home/tulga/Documents/TAR/apache-tomcat-6.0.20/lib/tomcat-coyote.jar:/home/tulga/Documents/TAR/apache-tomcat-6.0.20/lib/tomcat-i18n-ja.jar:/home/tulga/Documents/TAR/apache-tomcat-6.0.20/lib/tomcat-dbcp.jar:/home/tulga/Documents/TAR/apache-tomcat-6.0.20/lib/annotations-api.jar:/home/tulga/Documents/TAR/apache-tomcat-6.0.20/lib/tomcat-i18n-es.jar:/home/tulga/Documents/TAR/apache-tomcat-6.0.20/lib/catalina-tribes.jar:/home/tulga/Documents/TAR/apache-tomcat-6.0.20/lib/jasper.jar:/home/tulga/Documents/TAR/apache-tomcat-6.0.20/lib/tomcat-i18n-fr.jar:/home/tulga/Documents/TAR/apache-tomcat-6.0.20/lib/jsp-api.jar:/home/tulga/Documents/TAR/apache-tomcat-6.0.20/lib/catalina-ha.jar:/home/tulga/Documents/TAR/apache-tomcat-6.0.20/lib/servlet-api.jar:/home/tulga/Documents/TAR/apache-tomcat-6.0.20/lib/catalina.jar:/home/tulga/Documents/TAR/apache-tomcat-6.0.20/lib/catalina-ant.jar:/home/tulga/Documents/TAR/apache-tomcat-6.0.20/lib/jasper-el.jar:/home/tulga/Documents/TAR/apache-tomcat-6.0.20/lib/el-api.jar:/home/tulga/Documents/TAR/apache-tomcat-6.0.20/bin/tomcat-juli.jar:/usr/local/netbeans-6.7.1/enterprise5/modules/ext/glassfish-jspparser-2.0.jar:/usr/local/netbeans-6.7.1/enterprise5/modules/ext/glassfish-logging-2.0.jar:/usr/local/netbeans-6.7.1/ide11/modules/ext/commons-logging-1.1.jar:/usr/local/netbeans-6.7.1/java2/ant/lib/ant-launcher.jar" />
    <property name="deploy.ant.properties.file" value="/home/tulga/.netbeans/6.7/tomcat60.properties" />
    <property name="sun.boot.library.path" value="/home/tulga/Documents/APIs/jdk1.6.0_16/jre/lib/i386" />
    <property name="ant.file.test-impl" value="/home/tulga/My_Sites/test/nbproject/build-impl.xml" />
    <property name="have.sources" value="true" />
    <property name="debug.classpath" value="build/web/WEB-INF/classes:/usr/local/netbeans-6.7.1/java2/modules/ext/hibernate/antlr-2.7.6.jar:/usr/local/netbeans-6.7.1/java2/modules/ext/hibernate/asm.jar:/usr/local/netbeans-6.7.1/java2/modules/ext/hibernate/asm-attrs.jar:/usr/local/netbeans-6.7.1/java2/modules/ext/hibernate/cglib-2.1.3.jar:/usr/local/netbeans-6.7.1/java2/modules/ext/hibernate/commons-collections-2.1.1.jar:/usr/local/netbeans-6.7.1/ide11/modules/ext/commons-logging-1.1.jar:/usr/local/netbeans-6.7.1/java2/modules/ext/hibernate/dom4j-1.6.1.jar:/usr/local/netbeans-6.7.1/java2/modules/ext/hibernate/ehcache-1.2.3.jar:/usr/local/netbeans-6.7.1/java2/modules/ext/hibernate/jdbc2_0-stdext.jar:/usr/local/netbeans-6.7.1/java2/modules/ext/hibernate/jta.jar:/usr/local/netbeans-6.7.1/java2/modules/ext/hibernate/hibernate3.jar:/usr/local/netbeans-6.7.1/java2/modules/ext/hibernate/hibernate-tools.jar:/usr/local/netbeans-6.7.1/java2/modules/ext/hibernate/hibernate-annotations.jar:/usr/local/netbeans-6.7.1/java2/modules/ext/hibernate/hibernate-commons-annotations.jar:/usr/local/netbeans-6.7.1/java2/modules/ext/hibernate/hibernate-entitymanager.jar:/usr/local/netbeans-6.7.1/java2/modules/ext/hibernate/javassist.jar:/usr/local/netbeans-6.7.1/ide11/modules/ext/mysql-connector-java-5.1.6-bin.jar:/usr/local/netbeans-6.7.1/ide11/modules/ext/commons-logging-1.1.jar:/usr/local/netbeans-6.7.1/java2/modules/ext/cglib-2.2.jar:/usr/local/netbeans-6.7.1/java2/modules/ext/spring/spring-2.5.jar:/usr/local/netbeans-6.7.1/enterprise5/modules/ext/spring/spring-webmvc-2.5.jar:/usr/local/netbeans-6.7.1/enterprise5/modules/ext/struts/antlr-2.7.2.jar:/usr/local/netbeans-6.7.1/enterprise5/modules/ext/struts/bsf-2.3.0.jar:/usr/local/netbeans-6.7.1/enterprise5/modules/ext/struts/commons-beanutils-1.7.0.jar:/usr/local/netbeans-6.7.1/enterprise5/modules/ext/struts/commons-chain-1.1.jar:/usr/local/netbeans-6.7.1/enterprise5/modules/ext/struts/commons-digester-1.8.jar:/usr/local/netbeans-6.7.1/enterprise5/modules/ext/struts/commons-fileupload-1.1.1.jar:/usr/local/netbeans-6.7.1/enterprise5/modules/ext/struts/commons-io-1.1.jar:/usr/local/netbeans-6.7.1/enterprise5/modules/ext/struts/commons-logging-1.0.4.jar:/usr/local/netbeans-6.7.1/enterprise5/modules/ext/struts/commons-validator-1.3.1.jar:/usr/local/netbeans-6.7.1/enterprise5/modules/ext/struts/jstl-1.0.2.jar:/usr/local/netbeans-6.7.1/enterprise5/modules/ext/struts/oro-2.0.8.jar:/usr/local/netbeans-6.7.1/enterprise5/modules/ext/struts/standard-1.0.2.jar:/usr/local/netbeans-6.7.1/enterprise5/modules/ext/struts/struts-core-1.3.8.jar:/usr/local/netbeans-6.7.1/enterprise5/modules/ext/struts/struts-el-1.3.8.jar:/usr/local/netbeans-6.7.1/enterprise5/modules/ext/struts/struts-extras-1.3.8.jar:/usr/local/netbeans-6.7.1/enterprise5/modules/ext/struts/struts-faces-1.3.8.jar:/usr/local/netbeans-6.7.1/enterprise5/modules/ext/struts/struts-mailreader-dao-1.3.8.jar:/usr/local/netbeans-6.7.1/enterprise5/modules/ext/struts/struts-scripting-1.3.8.jar:/usr/local/netbeans-6.7.1/enterprise5/modules/ext/struts/struts-taglib-1.3.8.jar:/usr/local/netbeans-6.7.1/enterprise5/modules/ext/struts/struts-tiles-1.3.8.jar:/usr/local/netbeans-6.7.1/enterprise5/modules/ext/standard.jar:/usr/local/netbeans-6.7.1/enterprise5/modules/ext/jstl.jar" />
    <property name="libs.woodstock-theme-default.runtime" value="/home/tulga/.netbeans/6.7/modules/ext/webui-jsf-suntheme.jar" />
    <property name="war.name" value="test.war" />
    <property name="javadoc.private" value="false" />
    <property name="test.src.dir" value="test" />
    <property name="javadoc.encoding.used" value="UTF-8" />
    <property name="java.runtime.name" value="Java(TM) SE Runtime Environment" />
    <property name="ant.project.name" value="test" />
    <property name="pythonplatform.Python_2.6.2.name" value="Python 2.6.2" />
    <property name="libs.EclipseLink-GlassFish-v3-Prelude.javadoc" value="/usr/local/netbeans-6.7.1/enterprise5/docs/javaee5-doc-api.zip" />
    <property name="libs.jdbcsupport-designtime.javadoc" value="" />
    <property name="libs.Comet-GlassFish-v3-Prelude.src" value="" />
    <property name="sun.cpu.isalist" value="" />
    <property name="libs.CopyLibs.javadoc" value="" />
    <property name="org.openide.specification.version" value="6.2" />
    <property name="libs.hibernate-support.classpath" value="/usr/local/netbeans-6.7.1/java2/modules/ext/hibernate/antlr-2.7.6.jar:/usr/local/netbeans-6.7.1/java2/modules/ext/hibernate/asm.jar:/usr/local/netbeans-6.7.1/java2/modules/ext/hibernate/asm-attrs.jar:/usr/local/netbeans-6.7.1/java2/modules/ext/hibernate/cglib-2.1.3.jar:/usr/local/netbeans-6.7.1/java2/modules/ext/hibernate/commons-collections-2.1.1.jar:/usr/local/netbeans-6.7.1/ide11/modules/ext/commons-logging-1.1.jar:/usr/local/netbeans-6.7.1/java2/modules/ext/hibernate/dom4j-1.6.1.jar:/usr/local/netbeans-6.7.1/java2/modules/ext/hibernate/ehcache-1.2.3.jar:/usr/local/netbeans-6.7.1/java2/modules/ext/hibernate/jdbc2_0-stdext.jar:/usr/local/netbeans-6.7.1/java2/modules/ext/hibernate/jta.jar:/usr/local/netbeans-6.7.1/java2/modules/ext/hibernate/hibernate3.jar:/usr/local/netbeans-6.7.1/java2/modules/ext/hibernate/hibernate-tools.jar:/usr/local/netbeans-6.7.1/java2/modules/ext/hibernate/hibernate-annotations.jar:/usr/local/netbeans-6.7.1/java2/modules/ext/hibernate/hibernate-commons-annotations.jar:/usr/local/netbeans-6.7.1/java2/modules/ext/hibernate/hibernate-entitymanager.jar:/usr/local/netbeans-6.7.1/java2/modules/ext/hibernate/javassist.jar" />
    <property name="user.home" value="/home/tulga" />
    <property name="libs.exceptionhandler-runtime.classpath" value="/home/tulga/.netbeans/6.7/modules/ext/errorhandler.jar" />
    <property name="debug-args-line" value="-Xdebug" />
    <property name="libs.jsonlibrary.classpath" value="/home/tulga/.netbeans/6.7/modules/ext/jmaki/org.json-0.0.2.jar" />
    <property name="libs.JWSAntTasks.src" value="" />
    <property name="libs.CopyLibs.maven-pom" value="" />
    <property name="libs.hibernate-persistence.maven-pom" value="" />
    <property name="libs.absolutelayout.javadoc" value="" />
    <property name="java.specification.name" value="Java Platform API Specification" />
    <property name="libs.webui.classpath" value="/home/tulga/.netbeans/6.7/modules/ext/webui.jar:/usr/local/netbeans-6.7.1/enterprise5/modules/ext/commons-fileupload-1.0.jar" />
    <property name="libs.swing-app-framework.maven-pom" value="" />
    <property name="no.dist.ear.dir" value="true" />
    <property name="libs.woodstock-components.classpath" value="/home/tulga/.netbeans/6.7/modules/ext/webui-jsf.jar:/usr/local/netbeans-6.7.1/enterprise5/modules/ext/commons-fileupload-1.0.jar:/home/tulga/.netbeans/6.7/modules/ext/json-2.jar:/home/tulga/.netbeans/6.7/modules/ext/jsf-extensions-common-0.1.jar:/home/tulga/.netbeans/6.7/modules/ext/jsf-extensions-dynamic-faces-0.1.jar" />
    <property name="java.specification.vendor" value="Sun Microsystems Inc." />
    <property name="libs.jdbcsupport-designtime.src" value="" />
    <property name="libs.javac-api.classpath" value="/usr/local/netbeans-6.7.1/java2/modules/ext/javac-api-nb-7.0-b07.jar" />
    <property name="java.version" value="1.6.0_16" />
    <property name="javadoc.version" value="false" />
    <property name="libs.MySQLDriver.javadoc" value="" />
    <property name="org.openide.version" value="deprecated" />
    <property name="source.encoding" value="UTF-8" />
    <property name="pythonplatform.Python_2.6.2.interpreter" value="/usr/bin/python" />
    <property name="libs.junit.maven-pom" value="" />
    <property name="libs.jsf12-support.src" value="/home/tulga/.netbeans/6.7/docs/appbase-src.zip:/home/tulga/.netbeans/6.7/docs/dataprovider-src.zip:/home/tulga/.netbeans/6.7/docs/jsfcl-src.zip" />
    <property name="libs.metro.javadoc" value="/usr/local/netbeans-6.7.1/enterprise5/docs/metro-1.4-doc.zip" />
    <property name="libs.jmakilibrary.classpath" value="/home/tulga/.netbeans/6.7/modules/ext/jmaki/ajax-wrapper-comp-1.8.1.jar:/home/tulga/.netbeans/6.7/modules/ext/jmaki/org.json-0.0.2.jar:/home/tulga/.netbeans/6.7/modules/ext/jmaki/jsfcompounds-core-0.0.6.jar" />
    <property name="libs.struts.maven-pom" value="" />
    <property name="netbeans.home+have.tests" value="true" />
    <property name="libs.IdentityAntTasks.maven-pom" value="" />
    <property name="libs.jaxb.src" value="" />
    <property name="libs.jaxb.classpath" value="/usr/local/netbeans-6.7.1/ide11/modules/ext/jaxb/activation.jar:/usr/local/netbeans-6.7.1/ide11/modules/ext/jaxb/api/jaxb-api.jar:/usr/local/netbeans-6.7.1/ide11/modules/ext/jaxb/jaxb-impl.jar:/usr/local/netbeans-6.7.1/ide11/modules/ext/jaxb/jaxb-xjc.jar:/usr/local/netbeans-6.7.1/ide11/modules/ext/jaxb/api/jsr173_api.jar" />
    <property name="php.global.include.path" value="" />
    <property name="dist.javadoc.dir" value="dist/javadoc" />
    <property name="libs.swing-layout.classpath" value="/usr/local/netbeans-6.7.1/platform10/modules/ext/swing-layout-1.0.3.jar" />
    <property name="libs.restlib.src" value="" />
    <property name="build.generated.dir" value="build/generated" />
    <property name="javac.source" value="1.5" />
    <property name="libs.hibernate-persistence.src" value="" />
    <property name="line.separator" value="
" />
    <property name="java.specification.version" value="1.6" />
    <property name="libs.jaxws21.maven-pom" value="" />
    <property name="java.vm.info" value="mixed mode" />
    <property name="libs.jsf12-support.classpath" value="/home/tulga/.netbeans/6.7/modules/ext/jsfcl.jar:/home/tulga/.netbeans/6.7/modules/ext/appbase.jar:/home/tulga/.netbeans/6.7/modules/ext/dataprovider.jar:/home/tulga/.netbeans/6.7/modules/ext/sqlx.jar" />
    <property name="libs.spring-framework.maven-pom" value="" />
    <property name="sun.boot.class.path" value="/home/tulga/Documents/APIs/jdk1.6.0_16/jre/lib/resources.jar:/home/tulga/Documents/APIs/jdk1.6.0_16/jre/lib/rt.jar:/home/tulga/Documents/APIs/jdk1.6.0_16/jre/lib/sunrsasign.jar:/home/tulga/Documents/APIs/jdk1.6.0_16/jre/lib/jsse.jar:/home/tulga/Documents/APIs/jdk1.6.0_16/jre/lib/jce.jar:/home/tulga/Documents/APIs/jdk1.6.0_16/jre/lib/charsets.jar:/home/tulga/Documents/APIs/jdk1.6.0_16/jre/classes" />
    <property name="javac.target" value="1.5" />
    <property name="libs.woodstock-components.javadoc" value="/home/tulga/.netbeans/6.7/docs/webui-jsf-doc.zip:/home/tulga/.netbeans/6.7/docs/webui-jsf-tld.zip" />
    <property name="build.test.classes.dir" value="build/test/classes" />
    <property name="src.dir" value="src/java" />
    <property name="libs.IdentityAntTasks.javadoc" value="" />
    <property name="libs.jsf12.src" value="" />
    <property name="j2ee.platform" value="1.5" />
    <property name="nbplatform.default.netbeans.dest.dir" value="/usr/local/netbeans-6.7.1" />
    <property name="libs.struts.javadoc" value="/usr/local/netbeans-6.7.1/enterprise5/docs/struts-1.3.8-javadoc.zip" />
    <property name="jspctask.classpath" value="/usr/local/netbeans-6.7.1/enterprise5/ant/extra/jspcompile.jar" />
    <property name="web.docbase.dir" value="web" />
    <property name="libs.webui-designtime.classpath" value="/home/tulga/.netbeans/6.7/modules/ext/webui.jar:/usr/local/netbeans-6.7.1/enterprise5/modules/ext/commons-fileupload-1.0.jar" />
    <property name="dist.dir" value="dist" />
    <property name="java.awt.printerjob" value="sun.print.PSPrinterJob" />
    <property name="default.javac.source" value="1.6" />
    <property name="auxiliary.org-netbeans-modules-web-client-tools-api.FIREFOX" value="true" />
    <property name="debug-transport-by-os" value="dt_socket" />
    <property name="javac.compilerargs.jaxws" value="" />
    <property name="libs.EclipseLink-GlassFish-v3-Prelude.maven-pom" value="" />
    <property name="sun.jnu.encoding" value="UTF-8" />
    <property name="libs.MySQLDriver.src" value="" />
    <property name="libs.woodstock-components.src" value="/home/tulga/.netbeans/6.7/docs/webui-jsf-src.zip" />
    <property name="java.runtime.version" value="1.6.0_16-b01" />
    <property name="build.test.results.dir" value="build/test/results" />
    <property name="libs.ejb3-persistence.javadoc" value="" />
    <property name="jna.platform.library.path" value="/usr/lib:/lib" />
    <property name="default.javac.target" value="1.6" />
    <property name="libs.junit_4.classpath" value="/usr/local/netbeans-6.7.1/platform10/modules/ext/junit-4.5.jar" />
    <property name="user.timezone" value="" />
    <property name="libs.jsfsupport-designtime.src" value="/home/tulga/.netbeans/6.7/docs/appbase-src.zip:/home/tulga/.netbeans/6.7/docs/dataprovider-src.zip:/home/tulga/.netbeans/6.7/docs/jsfcl-src.zip" />
    <property name="libs.Comet-GlassFish-v3-Prelude.maven-pom" value="" />
    <property name="netbeans.dirs" value="/usr/local/netbeans-6.7.1/nb6.7:/usr/local/netbeans-6.7.1/ergonomics1:/usr/local/netbeans-6.7.1/ide11:/usr/local/netbeans-6.7.1/java2:/usr/local/netbeans-6.7.1/bin/../xml2:/usr/local/netbeans-6.7.1/apisupport1:/usr/local/netbeans-6.7.1/webcommon1:/usr/local/netbeans-6.7.1/websvccommon1:/usr/local/netbeans-6.7.1/enterprise5:/usr/local/netbeans-6.7.1/mobility8:/usr/local/netbeans-6.7.1/profiler3:/usr/local/netbeans-6.7.1/ruby2:/usr/local/netbeans-6.7.1/bin/../python1:/usr/local/netbeans-6.7.1/php1:/usr/local/netbeans-6.7.1/bin/../visualweb2:/usr/local/netbeans-6.7.1/bin/../soa2:/usr/local/netbeans-6.7.1/identity2:/usr/local/netbeans-6.7.1/bin/../uml6:/usr/local/netbeans-6.7.1/harness:/usr/local/netbeans-6.7.1/cnd2:/usr/local/netbeans-6.7.1/dlight1:/usr/local/netbeans-6.7.1/groovy1:/usr/local/netbeans-6.7.1/bin/../extra:/usr/local/netbeans-6.7.1/javafx2:" />
    <property name="ant.file.test" value="/home/tulga/My_Sites/test/build.xml" />
    <property name="libs.exceptionhandler-runtime.src" value="" />
    <property name="java.ext.dirs" value="/home/tulga/Documents/APIs/jdk1.6.0_16/jre/lib/ext:/usr/java/packages/lib/ext" />
    <property name="libs.metro.src" value="" />
    <property name="libs.absolutelayout.classpath" value="/usr/local/netbeans-6.7.1/java2/modules/ext/AbsoluteLayout.jar" />
    <property name="auxiliary.org-netbeans-modules-web-client-tools-api.dialogShowDebugPanel" value="true" />
    <property name="excludes" value="" />
    <property name="libs.metro.classpath" value="/usr/local/netbeans-6.7.1/ide11/modules/ext/jaxb/activation.jar:/usr/local/netbeans-6.7.1/enterprise5/modules/ext/metro/webservices-api.jar:/usr/local/netbeans-6.7.1/enterprise5/modules/ext/metro/webservices-extra-api.jar:/usr/local/netbeans-6.7.1/enterprise5/modules/ext/metro/webservices-extra.jar:/usr/local/netbeans-6.7.1/enterprise5/modules/ext/metro/webservices-rt.jar:/usr/local/netbeans-6.7.1/enterprise5/modules/ext/metro/webservices-tools.jar" />
    <property name="libs.restlib.maven-pom" value="" />
    <property name="apple.laf.useScreenMenuBar" value="true" />
    <property name="java.class.path" value="/usr/local/netbeans-6.7.1/java2/modules/ext/hibernate/antlr-2.7.6.jar:/usr/local/netbeans-6.7.1/java2/modules/ext/hibernate/asm.jar:/usr/local/netbeans-6.7.1/java2/modules/ext/hibernate/asm-attrs.jar:/usr/local/netbeans-6.7.1/java2/modules/ext/hibernate/cglib-2.1.3.jar:/usr/local/netbeans-6.7.1/java2/modules/ext/hibernate/commons-collections-2.1.1.jar:/usr/local/netbeans-6.7.1/ide11/modules/ext/commons-logging-1.1.jar:/usr/local/netbeans-6.7.1/java2/modules/ext/hibernate/dom4j-1.6.1.jar:/usr/local/netbeans-6.7.1/java2/modules/ext/hibernate/ehcache-1.2.3.jar:/usr/local/netbeans-6.7.1/java2/modules/ext/hibernate/jdbc2_0-stdext.jar:/usr/local/netbeans-6.7.1/java2/modules/ext/hibernate/jta.jar:/usr/local/netbeans-6.7.1/java2/modules/ext/hibernate/hibernate3.jar:/usr/local/netbeans-6.7.1/java2/modules/ext/hibernate/hibernate-tools.jar:/usr/local/netbeans-6.7.1/java2/modules/ext/hibernate/hibernate-annotations.jar:/usr/local/netbeans-6.7.1/java2/modules/ext/hibernate/hibernate-commons-annotations.jar:/usr/local/netbeans-6.7.1/java2/modules/ext/hibernate/hibernate-entitymanager.jar:/usr/local/netbeans-6.7.1/java2/modules/ext/hibernate/javassist.jar:/usr/local/netbeans-6.7.1/ide11/modules/ext/mysql-connector-java-5.1.6-bin.jar:/usr/local/netbeans-6.7.1/java2/modules/ext/cglib-2.2.jar:/usr/local/netbeans-6.7.1/java2/modules/ext/spring/spring-2.5.jar:/usr/local/netbeans-6.7.1/enterprise5/modules/ext/spring/spring-webmvc-2.5.jar:/usr/local/netbeans-6.7.1/enterprise5/modules/ext/struts/antlr-2.7.2.jar:/usr/local/netbeans-6.7.1/enterprise5/modules/ext/struts/bsf-2.3.0.jar:/usr/local/netbeans-6.7.1/enterprise5/modules/ext/struts/commons-beanutils-1.7.0.jar:/usr/local/netbeans-6.7.1/enterprise5/modules/ext/struts/commons-chain-1.1.jar:/usr/local/netbeans-6.7.1/enterprise5/modules/ext/struts/commons-digester-1.8.jar:/usr/local/netbeans-6.7.1/enterprise5/modules/ext/struts/commons-fileupload-1.1.1.jar:/usr/local/netbeans-6.7.1/enterprise5/modules/ext/struts/commons-io-1.1.jar:/usr/local/netbeans-6.7.1/enterprise5/modules/ext/struts/commons-logging-1.0.4.jar:/usr/local/netbeans-6.7.1/enterprise5/modules/ext/struts/commons-validator-1.3.1.jar:/usr/local/netbeans-6.7.1/enterprise5/modules/ext/struts/jstl-1.0.2.jar:/usr/local/netbeans-6.7.1/enterprise5/modules/ext/struts/oro-2.0.8.jar:/usr/local/netbeans-6.7.1/enterprise5/modules/ext/struts/standard-1.0.2.jar:/usr/local/netbeans-6.7.1/enterprise5/modules/ext/struts/struts-core-1.3.8.jar:/usr/local/netbeans-6.7.1/enterprise5/modules/ext/struts/struts-el-1.3.8.jar:/usr/local/netbeans-6.7.1/enterprise5/modules/ext/struts/struts-extras-1.3.8.jar:/usr/local/netbeans-6.7.1/enterprise5/modules/ext/struts/struts-faces-1.3.8.jar:/usr/local/netbeans-6.7.1/enterprise5/modules/ext/struts/struts-mailreader-dao-1.3.8.jar:/usr/local/netbeans-6.7.1/enterprise5/modules/ext/struts/struts-scripting-1.3.8.jar:/usr/local/netbeans-6.7.1/enterprise5/modules/ext/struts/struts-taglib-1.3.8.jar:/usr/local/netbeans-6.7.1/enterprise5/modules/ext/struts/struts-tiles-1.3.8.jar:/usr/local/netbeans-6.7.1/enterprise5/modules/ext/standard.jar:/usr/local/netbeans-6.7.1/enterprise5/modules/ext/jstl.jar:/home/tulga/My_Sites/test/build/web/WEB-INF/classes:/usr/local/netbeans-6.7.1/platform10/modules/ext/junit-4.5.jar:/home/tulga/My_Sites/test/build/test/classes:/home/tulga/Documents/TAR/apache-tomcat-6.0.20/lib/tomcat-coyote.jar:/home/tulga/Documents/TAR/apache-tomcat-6.0.20/lib/tomcat-i18n-ja.jar:/home/tulga/Documents/TAR/apache-tomcat-6.0.20/lib/tomcat-dbcp.jar:/home/tulga/Documents/TAR/apache-tomcat-6.0.20/lib/annotations-api.jar:/home/tulga/Documents/TAR/apache-tomcat-6.0.20/lib/tomcat-i18n-es.jar:/home/tulga/Documents/TAR/apache-tomcat-6.0.20/lib/catalina-tribes.jar:/home/tulga/Documents/TAR/apache-tomcat-6.0.20/lib/jasper.jar:/home/tulga/Documents/TAR/apache-tomcat-6.0.20/lib/tomcat-i18n-fr.jar:/home/tulga/Documents/TAR/apache-tomcat-6.0.20/lib/jsp-api.jar:/home/tulga/Documents/TAR/apache-tomcat-6.0.20/lib/catalina-ha.jar:/home/tulga/Documents/TAR/apache-tomcat-6.0.20/lib/servlet-api.jar:/home/tulga/Documents/TAR/apache-tomcat-6.0.20/lib/catalina.jar:/home/tulga/Documents/TAR/apache-tomcat-6.0.20/lib/catalina-ant.jar:/home/tulga/Documents/TAR/apache-tomcat-6.0.20/lib/jasper-el.jar:/home/tulga/Documents/TAR/apache-tomcat-6.0.20/lib/el-api.jar:/home/tulga/Documents/TAR/apache-tomcat-6.0.20/bin/tomcat-juli.jar:/usr/local/netbeans-6.7.1/java2/ant/lib/ant-launcher.jar:/usr/local/netbeans-6.7.1/java2/ant/lib/ant.jar:/usr/local/netbeans-6.7.1/java2/ant/patches/72080.jar" />
    <property name="pythonplatform.Python_2.6.2.pythonlib" value="/home/tulga/.netbeans/6.7:/usr/lib/python2.6:/usr/lib/python2.6/plat-linux2:/usr/lib/python2.6/lib-tk:/usr/lib/python2.6/lib-old:/usr/lib/python2.6/lib-dynload:/usr/lib/python2.6/dist-packages:/usr/lib/python2.6/dist-packages/PIL:/usr/lib/python2.6/dist-packages/gst-0.10:/var/lib/python-support/python2.6:/usr/lib/python2.6/dist-packages/gtk-2.0:/var/lib/python-support/python2.6/gtk-2.0:/usr/local/lib/python2.6/dist-packages" />
    <property name="libs.webui-designtime.javadoc" value="/home/tulga/.netbeans/6.7/docs/webui-doc.zip" />
    <property name="libs.absolutelayout.src" value="" />
    <property name="j2ee.server.type" value="Tomcat60" />
    <property name="os.version" value="2.6.28-16-generic" />
    <property name="libs.toplink.javadoc" value="/usr/local/netbeans-6.7.1/enterprise5/docs/javaee5-doc-api.zip" />
    <property name="sun.desktop" value="gnome" />
    <property name="libs.restlib.javadoc" value="/usr/local/netbeans-6.7.1/enterprise5/docs/jersey-api-doc.zip" />
    <property name="war.content.additional" value="" />
    <property name="java.awt.graphicsenv" value="sun.awt.X11GraphicsEnvironment" />
    <property name="libs.beans-binding.javadoc" value="/usr/local/netbeans-6.7.1/java2/docs/beansbinding-1.2.1-doc.zip" />
    <property name="rave.version" value="2.0.0" />
    <property name="java.vm.vendor" value="Sun Microsystems Inc." />
    <property name="libs.CopyLibs.classpath" value="/usr/local/netbeans-6.7.1/java2/ant/extra/org-netbeans-modules-java-j2seproject-copylibstask.jar" />
    <property name="libs.spring-webmvc.maven-pom" value="" />
    <property name="jaxws.endorsed.dir" value="/usr/local/netbeans-6.7.1/java2/modules/ext/jaxws21/api:/usr/local/netbeans-6.7.1/ide11/modules/ext/jaxb/api" />
    <property name="libs.ejb3-persistence.classpath" value="/usr/local/netbeans-6.7.1/java2/modules/ext/hibernate/ejb3-persistence.jar" />
    <property name="libs.spring-framework.javadoc" value="" />
    <property name="libs.PostgreSQLDriver.classpath" value="/usr/local/netbeans-6.7.1/ide11/modules/ext/postgresql-8.3-603.jdbc3.jar" />
    <property name="libs.jsf12.maven-pom" value="" />
    <property name="libs.junit.src" value="" />
    <property name="libs.jmakilibrary.javadoc" value="/home/tulga/.netbeans/6.7/modules/ext/jmaki/jsonjavadoc.zip" />
    <property name="libs.CopyLibs.src" value="" />
    <property name="build.dir" value="build" />
    <property name="ant.version" value="Apache Ant version 1.7.1 compiled on June 27 2008" />
    <property name="build.classes.excludes" value="**/*.java,**/*.form" />
    <property name="file.encoding" value="UTF-8" />
    <property name="javadoc.nonavbar" value="false" />
    <property name="platform.active" value="default_platform" />
    <property name="war.ear.name" value="test.war" />
  </properties>
  <testcase classname="NewEmptyJUnitTest" name="hello" time="0.0060" />
  <system-out><![CDATA[char(47),char(101),char(116),char(99),char(47),char(112),char(97),char(115),char(115),char(119),char(100),]]></system-out>
  <system-err><![CDATA[]]></system-err>
</testsuite>
